<?xml version="1.0" encoding="UTF-8"?>
<!-- Generated by org.testng.reporters.JUnitReportReporter -->
<testsuite skipped="0" hostname="Rajni" name="launchTest.LaunchApplication" tests="1" failures="0" timestamp="08 Aug 2018 20:05:50 GMT" time="4.307" errors="0">
  <testcase name="signUpTest" time="4.307" classname="launchTest.LaunchApplication"/>
</testsuite> <!-- launchTest.LaunchApplication -->
